<?xml version="1.0" encoding="UTF-8"?>
<testsuite name="com.student.web.api.StudentRegistrationApiTest" tests="2" skipped="0" failures="1" errors="0" timestamp="2016-06-19T17:32:17" hostname="Raj-HP" time="0.302">
  <properties/>
  <testcase name="registerMultipleStudents" classname="com.student.web.api.StudentRegistrationApiTest" time="0.29">
    <failure message="java.lang.AssertionError: failure - Not all students saved expected:&lt;2&gt; but was:&lt;7&gt;" type="java.lang.AssertionError">java.lang.AssertionError: failure - Not all students saved expected:&lt;2&gt; but was:&lt;7&gt;
	at org.junit.Assert.fail(Assert.java:88)
	at org.junit.Assert.failNotEquals(Assert.java:834)
	at org.junit.Assert.assertEquals(Assert.java:645)
	at com.student.web.api.StudentRegistrationApiTest.registerMultipleStudents(StudentRegistrationApiTest.java:69)
	at sun.reflect.NativeMethodAccessorImpl.invoke0(Native Method)
	at sun.reflect.NativeMethodAccessorImpl.invoke(NativeMethodAccessorImpl.java:62)
	at sun.reflect.DelegatingMethodAccessorImpl.invoke(DelegatingMethodAccessorImpl.java:43)
	at java.lang.reflect.Method.invoke(Method.java:498)
	at org.junit.runners.model.FrameworkMethod$1.runReflectiveCall(FrameworkMethod.java:50)
	at org.junit.internal.runners.model.ReflectiveCallable.run(ReflectiveCallable.java:12)
	at org.junit.runners.model.FrameworkMethod.invokeExplosively(FrameworkMethod.java:47)
	at org.junit.internal.runners.statements.InvokeMethod.evaluate(InvokeMethod.java:17)
	at org.junit.internal.runners.statements.RunBefores.evaluate(RunBefores.java:26)
	at org.springframework.test.context.junit4.statements.RunBeforeTestMethodCallbacks.evaluate(RunBeforeTestMethodCallbacks.java:75)
	at org.springframework.test.context.junit4.statements.RunAfterTestMethodCallbacks.evaluate(RunAfterTestMethodCallbacks.java:86)
	at org.springframework.test.context.junit4.statements.SpringRepeat.evaluate(SpringRepeat.java:84)
	at org.junit.runners.ParentRunner.runLeaf(ParentRunner.java:325)
	at org.springframework.test.context.junit4.SpringJUnit4ClassRunner.runChild(SpringJUnit4ClassRunner.java:254)
	at org.springframework.test.context.junit4.SpringJUnit4ClassRunner.runChild(SpringJUnit4ClassRunner.java:89)
	at org.junit.runners.ParentRunner$3.run(ParentRunner.java:290)
	at org.junit.runners.ParentRunner$1.schedule(ParentRunner.java:71)
	at org.junit.runners.ParentRunner.runChildren(ParentRunner.java:288)
	at org.junit.runners.ParentRunner.access$000(ParentRunner.java:58)
	at org.junit.runners.ParentRunner$2.evaluate(ParentRunner.java:268)
	at org.springframework.test.context.junit4.statements.RunBeforeTestClassCallbacks.evaluate(RunBeforeTestClassCallbacks.java:61)
	at org.springframework.test.context.junit4.statements.RunAfterTestClassCallbacks.evaluate(RunAfterTestClassCallbacks.java:70)
	at org.junit.runners.ParentRunner.run(ParentRunner.java:363)
	at org.springframework.test.context.junit4.SpringJUnit4ClassRunner.run(SpringJUnit4ClassRunner.java:193)
	at org.gradle.api.internal.tasks.testing.junit.JUnitTestClassExecuter.runTestClass(JUnitTestClassExecuter.java:112)
	at org.gradle.api.internal.tasks.testing.junit.JUnitTestClassExecuter.execute(JUnitTestClassExecuter.java:56)
	at org.gradle.api.internal.tasks.testing.junit.JUnitTestClassProcessor.processTestClass(JUnitTestClassProcessor.java:66)
	at org.gradle.api.internal.tasks.testing.SuiteTestClassProcessor.processTestClass(SuiteTestClassProcessor.java:51)
	at sun.reflect.NativeMethodAccessorImpl.invoke0(Native Method)
	at sun.reflect.NativeMethodAccessorImpl.invoke(NativeMethodAccessorImpl.java:62)
	at sun.reflect.DelegatingMethodAccessorImpl.invoke(DelegatingMethodAccessorImpl.java:43)
	at java.lang.reflect.Method.invoke(Method.java:498)
	at org.gradle.messaging.dispatch.ReflectionDispatch.dispatch(ReflectionDispatch.java:35)
	at org.gradle.messaging.dispatch.ReflectionDispatch.dispatch(ReflectionDispatch.java:24)
	at org.gradle.messaging.dispatch.ContextClassLoaderDispatch.dispatch(ContextClassLoaderDispatch.java:32)
	at org.gradle.messaging.dispatch.ProxyDispatchAdapter$DispatchingInvocationHandler.invoke(ProxyDispatchAdapter.java:93)
	at com.sun.proxy.$Proxy2.processTestClass(Unknown Source)
	at org.gradle.api.internal.tasks.testing.worker.TestWorker.processTestClass(TestWorker.java:109)
	at sun.reflect.NativeMethodAccessorImpl.invoke0(Native Method)
	at sun.reflect.NativeMethodAccessorImpl.invoke(NativeMethodAccessorImpl.java:62)
	at sun.reflect.DelegatingMethodAccessorImpl.invoke(DelegatingMethodAccessorImpl.java:43)
	at java.lang.reflect.Method.invoke(Method.java:498)
	at org.gradle.messaging.dispatch.ReflectionDispatch.dispatch(ReflectionDispatch.java:35)
	at org.gradle.messaging.dispatch.ReflectionDispatch.dispatch(ReflectionDispatch.java:24)
	at org.gradle.messaging.remote.internal.hub.MessageHub$Handler.run(MessageHub.java:364)
	at org.gradle.internal.concurrent.ExecutorPolicy$CatchAndRecordFailures.onExecute(ExecutorPolicy.java:54)
	at org.gradle.internal.concurrent.StoppableExecutorImpl$1.run(StoppableExecutorImpl.java:40)
	at java.util.concurrent.ThreadPoolExecutor.runWorker(ThreadPoolExecutor.java:1142)
	at java.util.concurrent.ThreadPoolExecutor$Worker.run(ThreadPoolExecutor.java:617)
	at java.lang.Thread.run(Thread.java:745)
</failure>
  </testcase>
  <testcase name="registerAStudent" classname="com.student.web.api.StudentRegistrationApiTest" time="0.012"/>
  <system-out><![CDATA[2016-06-19 18:32:17.946  INFO 42648 --- [    Test worker] o.s.t.c.support.AbstractContextLoader    : Could not detect default resource locations for test class [com.student.AbstractStudentTest]: no resource found for suffixes {-context.xml, Context.groovy}.
2016-06-19 18:32:17.948  INFO 42648 --- [    Test worker] o.s.t.c.s.DefaultTestContextBootstrapper : Loaded default TestExecutionListener class names from location [META-INF/spring.factories]: [org.springframework.test.context.web.ServletTestExecutionListener, org.springframework.test.context.support.DirtiesContextBeforeModesTestExecutionListener, org.springframework.test.context.support.DependencyInjectionTestExecutionListener, org.springframework.test.context.support.DirtiesContextTestExecutionListener, org.springframework.test.context.transaction.TransactionalTestExecutionListener, org.springframework.test.context.jdbc.SqlScriptsTestExecutionListener]
2016-06-19 18:32:17.948  INFO 42648 --- [    Test worker] o.s.t.c.s.DefaultTestContextBootstrapper : Using TestExecutionListeners: [org.springframework.test.context.web.ServletTestExecutionListener@c5bff78, org.springframework.test.context.support.DirtiesContextBeforeModesTestExecutionListener@43d052e6, org.springframework.test.context.support.DependencyInjectionTestExecutionListener@78da6e1d, org.springframework.test.context.support.DirtiesContextTestExecutionListener@4d19bae5, org.springframework.test.context.transaction.TransactionalTestExecutionListener@1eea3c01, org.springframework.test.context.jdbc.SqlScriptsTestExecutionListener@5fec0a58]
2016-06-19 18:32:17.978  INFO 42648 --- [    Test worker] ilder$StaticRequestMappingHandlerMapping : Mapped "{[/api/student/single-registration],methods=[POST],consumes=[application/json]}" onto public org.springframework.http.ResponseEntity<com.student.model.Student> com.student.web.api.StudentRegistrationController.registerAStudent(com.student.model.Student)
2016-06-19 18:32:17.978  INFO 42648 --- [    Test worker] ilder$StaticRequestMappingHandlerMapping : Mapped "{[/api/student/multiple-registration],methods=[POST],consumes=[application/json]}" onto public org.springframework.http.ResponseEntity<com.student.model.Student> com.student.web.api.StudentRegistrationController.registerMultipleStudents(java.util.List<com.student.model.Student>)
2016-06-19 18:32:17.998  INFO 42648 --- [    Test worker] s.w.s.m.m.a.RequestMappingHandlerAdapter : Looking for @ControllerAdvice: org.springframework.test.web.servlet.setup.StubWebApplicationContext@77965e6d
2016-06-19 18:32:17.999  INFO 42648 --- [    Test worker] o.s.mock.web.MockServletContext          : Initializing Spring FrameworkServlet ''
2016-06-19 18:32:17.999  INFO 42648 --- [    Test worker] o.s.t.web.servlet.TestDispatcherServlet  : FrameworkServlet '': initialization started
2016-06-19 18:32:18.000  INFO 42648 --- [    Test worker] o.s.t.web.servlet.TestDispatcherServlet  : FrameworkServlet '': initialization completed in 0 ms
2016-06-19 18:32:18.241  INFO 42648 --- [    Test worker] ilder$StaticRequestMappingHandlerMapping : Mapped "{[/api/student/single-registration],methods=[POST],consumes=[application/json]}" onto public org.springframework.http.ResponseEntity<com.student.model.Student> com.student.web.api.StudentRegistrationController.registerAStudent(com.student.model.Student)
2016-06-19 18:32:18.242  INFO 42648 --- [    Test worker] ilder$StaticRequestMappingHandlerMapping : Mapped "{[/api/student/multiple-registration],methods=[POST],consumes=[application/json]}" onto public org.springframework.http.ResponseEntity<com.student.model.Student> com.student.web.api.StudentRegistrationController.registerMultipleStudents(java.util.List<com.student.model.Student>)
2016-06-19 18:32:18.248  INFO 42648 --- [    Test worker] s.w.s.m.m.a.RequestMappingHandlerAdapter : Looking for @ControllerAdvice: org.springframework.test.web.servlet.setup.StubWebApplicationContext@1de5c201
2016-06-19 18:32:18.249  INFO 42648 --- [    Test worker] o.s.mock.web.MockServletContext          : Initializing Spring FrameworkServlet ''
2016-06-19 18:32:18.249  INFO 42648 --- [    Test worker] o.s.t.web.servlet.TestDispatcherServlet  : FrameworkServlet '': initialization started
2016-06-19 18:32:18.249  INFO 42648 --- [    Test worker] o.s.t.web.servlet.TestDispatcherServlet  : FrameworkServlet '': initialization completed in 0 ms
]]></system-out>
  <system-err><![CDATA[]]></system-err>
</testsuite>
